<?xml version="1.0" encoding="UTF-8"?>
<testng-results skipped="0" failed="1" ignored="0" total="8" passed="7">
  <reporter-output>
  </reporter-output>
  <suite name="Default suite" duration-ms="155382" started-at="2020-11-15T14:07:29 IST" finished-at="2020-11-15T14:10:04 IST">
    <groups>
    </groups>
    <test name="Default test" duration-ms="155382" started-at="2020-11-15T14:07:29 IST" finished-at="2020-11-15T14:10:04 IST">
      <class name="me.tests.InterceptRequestTest">
        <test-method status="PASS" signature="initDriverAndDevTools()[pri:0, instance:me.tests.InterceptRequestTest@30a3107a]" name="initDriverAndDevTools" is-config="true" duration-ms="1206" started-at="2020-11-15T14:07:29 IST" finished-at="2020-11-15T14:07:30 IST">
          <reporter-output>
          </reporter-output>
        </test-method> <!-- initDriverAndDevTools -->
        <test-method status="PASS" signature="interceptRequestAndContinue()[pri:0, instance:me.tests.InterceptRequestTest@30a3107a]" name="interceptRequestAndContinue" duration-ms="22466" started-at="2020-11-15T14:07:30 IST" finished-at="2020-11-15T14:07:52 IST">
          <reporter-output>
          </reporter-output>
        </test-method> <!-- interceptRequestAndContinue -->
      </class> <!-- me.tests.InterceptRequestTest -->
      <class name="me.tests.ConsoleLogsTest">
        <test-method status="PASS" signature="initDriverAndDevTools()[pri:0, instance:me.tests.ConsoleLogsTest@33c7e1bb]" name="initDriverAndDevTools" is-config="true" duration-ms="666" started-at="2020-11-15T14:07:52 IST" finished-at="2020-11-15T14:07:53 IST">
          <reporter-output>
          </reporter-output>
        </test-method> <!-- initDriverAndDevTools -->
        <test-method status="PASS" signature="verifyConsoleMessageAdded()[pri:0, instance:me.tests.ConsoleLogsTest@33c7e1bb]" name="verifyConsoleMessageAdded" duration-ms="25055" started-at="2020-11-15T14:07:53 IST" finished-at="2020-11-15T14:08:18 IST">
          <reporter-output>
          </reporter-output>
        </test-method> <!-- verifyConsoleMessageAdded -->
        <test-method status="PASS" signature="tearDown()[pri:0, instance:me.tests.ConsoleLogsTest@33c7e1bb]" name="tearDown" is-config="true" duration-ms="82" started-at="2020-11-15T14:08:18 IST" finished-at="2020-11-15T14:08:18 IST">
          <reporter-output>
          </reporter-output>
        </test-method> <!-- tearDown -->
      </class> <!-- me.tests.ConsoleLogsTest -->
      <class name="me.tests.UrlFilteringTest">
        <test-method status="PASS" signature="initDriverAndDevTools()[pri:0, instance:me.tests.UrlFilteringTest@34c4973]" name="initDriverAndDevTools" is-config="true" duration-ms="488" started-at="2020-11-15T14:08:18 IST" finished-at="2020-11-15T14:08:19 IST">
          <reporter-output>
          </reporter-output>
        </test-method> <!-- initDriverAndDevTools -->
        <test-method status="PASS" signature="filterUrls()[pri:0, instance:me.tests.UrlFilteringTest@34c4973]" name="filterUrls" duration-ms="10399" started-at="2020-11-15T14:08:19 IST" finished-at="2020-11-15T14:08:29 IST">
          <reporter-output>
          </reporter-output>
        </test-method> <!-- filterUrls -->
      </class> <!-- me.tests.UrlFilteringTest -->
      <class name="me.tests.IgnoreCertTest">
        <test-method status="PASS" signature="initDriverAndDevTools()[pri:0, instance:me.tests.IgnoreCertTest@52feb982]" name="initDriverAndDevTools" is-config="true" duration-ms="737" started-at="2020-11-15T14:08:29 IST" finished-at="2020-11-15T14:08:30 IST">
          <reporter-output>
          </reporter-output>
        </test-method> <!-- initDriverAndDevTools -->
        <test-method status="PASS" signature="loadInsecureWebsite()[pri:0, instance:me.tests.IgnoreCertTest@52feb982]" name="loadInsecureWebsite" duration-ms="12240" started-at="2020-11-15T14:08:30 IST" finished-at="2020-11-15T14:08:42 IST">
          <reporter-output>
          </reporter-output>
        </test-method> <!-- loadInsecureWebsite -->
      </class> <!-- me.tests.IgnoreCertTest -->
      <class name="me.tests.CustomHeadersTest">
        <test-method status="PASS" signature="initDriverAndDevTools()[pri:0, instance:me.tests.CustomHeadersTest@7a765367]" name="initDriverAndDevTools" is-config="true" duration-ms="620" started-at="2020-11-15T14:08:42 IST" finished-at="2020-11-15T14:08:43 IST">
          <reporter-output>
          </reporter-output>
        </test-method> <!-- initDriverAndDevTools -->
        <test-method status="PASS" signature="addCustomHeaders()[pri:0, instance:me.tests.CustomHeadersTest@7a765367]" name="addCustomHeaders" duration-ms="13408" started-at="2020-11-15T14:08:43 IST" finished-at="2020-11-15T14:08:56 IST">
          <reporter-output>
          </reporter-output>
        </test-method> <!-- addCustomHeaders -->
        <test-method status="PASS" signature="tearDown()[pri:0, instance:me.tests.CustomHeadersTest@7a765367]" name="tearDown" is-config="true" duration-ms="74" started-at="2020-11-15T14:08:56 IST" finished-at="2020-11-15T14:08:56 IST">
          <reporter-output>
          </reporter-output>
        </test-method> <!-- tearDown -->
      </class> <!-- me.tests.CustomHeadersTest -->
      <class name="me.tests.NetworkEmulationTest">
        <test-method status="PASS" signature="initDriverAndDevTools()[pri:0, instance:me.tests.NetworkEmulationTest@76b0bfab]" name="initDriverAndDevTools" is-config="true" duration-ms="627" started-at="2020-11-15T14:08:56 IST" finished-at="2020-11-15T14:08:57 IST">
          <reporter-output>
          </reporter-output>
        </test-method> <!-- initDriverAndDevTools -->
        <test-method status="PASS" signature="enableNetworkOffline()[pri:0, instance:me.tests.NetworkEmulationTest@76b0bfab]" name="enableNetworkOffline" duration-ms="28146" started-at="2020-11-15T14:08:57 IST" finished-at="2020-11-15T14:09:25 IST">
          <reporter-output>
          </reporter-output>
        </test-method> <!-- enableNetworkOffline -->
      </class> <!-- me.tests.NetworkEmulationTest -->
      <class name="me.tests.CrashChromeTest">
        <test-method status="PASS" signature="initDriverAndDevTools()[pri:0, instance:me.tests.CrashChromeTest@17d677df]" name="initDriverAndDevTools" is-config="true" duration-ms="551" started-at="2020-11-15T14:09:25 IST" finished-at="2020-11-15T14:09:25 IST">
          <reporter-output>
          </reporter-output>
        </test-method> <!-- initDriverAndDevTools -->
        <test-method status="FAIL" signature="genericCrashBrowser()[pri:0, instance:me.tests.CrashChromeTest@17d677df]" name="genericCrashBrowser" duration-ms="10003" started-at="2020-11-15T14:09:25 IST" finished-at="2020-11-15T14:09:35 IST">
          <exception class="org.openqa.selenium.TimeoutException">
            <message>
              <![CDATA[java.util.concurrent.TimeoutException
Build info: version: '4.0.0-alpha-3', revision: '8c567de6dc'
System info: host: '192.168.100.9', ip: '192.168.100.9', os.name: 'Linux', os.arch: 'amd64', os.version: '5.8.16-200.fc32.x86_64', java.version: '1.8.0_265'
Driver info: driver.version: unknown]]>
            </message>
            <full-stacktrace>
              <![CDATA[org.openqa.selenium.TimeoutException: java.util.concurrent.TimeoutException
Build info: version: '4.0.0-alpha-3', revision: '8c567de6dc'
System info: host: '192.168.100.9', ip: '192.168.100.9', os.name: 'Linux', os.arch: 'amd64', os.version: '5.8.16-200.fc32.x86_64', java.version: '1.8.0_265'
Driver info: driver.version: unknown
at org.openqa.selenium.devtools.Connection.sendAndWait(Connection.java:106)
at org.openqa.selenium.devtools.DevTools.send(DevTools.java:55)
at me.tests.CrashChromeTest.genericCrashBrowser(CrashChromeTest.java:27)
at sun.reflect.NativeMethodAccessorImpl.invoke0(Native Method)
at sun.reflect.NativeMethodAccessorImpl.invoke(NativeMethodAccessorImpl.java:62)
at sun.reflect.DelegatingMethodAccessorImpl.invoke(DelegatingMethodAccessorImpl.java:43)
at java.lang.reflect.Method.invoke(Method.java:498)
at org.testng.internal.MethodInvocationHelper.invokeMethod(MethodInvocationHelper.java:134)
at org.testng.internal.TestInvoker.invokeMethod(TestInvoker.java:597)
at org.testng.internal.TestInvoker.invokeTestMethod(TestInvoker.java:173)
at org.testng.internal.MethodRunner.runInSequence(MethodRunner.java:46)
at org.testng.internal.TestInvoker$MethodInvocationAgent.invoke(TestInvoker.java:816)
at org.testng.internal.TestInvoker.invokeTestMethods(TestInvoker.java:146)
at org.testng.internal.TestMethodWorker.invokeTestMethods(TestMethodWorker.java:146)
at org.testng.internal.TestMethodWorker.run(TestMethodWorker.java:128)
at java.util.ArrayList.forEach(ArrayList.java:1259)
at org.testng.TestRunner.privateRun(TestRunner.java:766)
at org.testng.TestRunner.run(TestRunner.java:587)
at org.testng.SuiteRunner.runTest(SuiteRunner.java:384)
at org.testng.SuiteRunner.runSequentially(SuiteRunner.java:378)
at org.testng.SuiteRunner.privateRun(SuiteRunner.java:337)
at org.testng.SuiteRunner.run(SuiteRunner.java:286)
at org.testng.SuiteRunnerWorker.runSuite(SuiteRunnerWorker.java:53)
at org.testng.SuiteRunnerWorker.run(SuiteRunnerWorker.java:96)
at org.testng.TestNG.runSuitesSequentially(TestNG.java:1187)
at org.testng.TestNG.runSuitesLocally(TestNG.java:1109)
at org.testng.TestNG.runSuites(TestNG.java:1039)
at org.testng.TestNG.run(TestNG.java:1007)
at org.testng.remote.AbstractRemoteTestNG.run(AbstractRemoteTestNG.java:115)
at org.testng.remote.RemoteTestNG.initAndRun(RemoteTestNG.java:251)
at org.testng.remote.RemoteTestNG.main(RemoteTestNG.java:77)
Caused by: java.util.concurrent.TimeoutException
at java.util.concurrent.CompletableFuture.timedGet(CompletableFuture.java:1784)
at java.util.concurrent.CompletableFuture.get(CompletableFuture.java:1928)
at org.openqa.selenium.devtools.Connection.sendAndWait(Connection.java:95)
... 30 more
]]>
            </full-stacktrace>
          </exception> <!-- org.openqa.selenium.TimeoutException -->
          <reporter-output>
          </reporter-output>
        </test-method> <!-- genericCrashBrowser -->
      </class> <!-- me.tests.CrashChromeTest -->
      <class name="me.tests.PerformanceMetrics">
        <test-method status="PASS" signature="initDriverAndDevTools()[pri:0, instance:me.tests.PerformanceMetrics@3043fe0e]" name="initDriverAndDevTools" is-config="true" duration-ms="478" started-at="2020-11-15T14:09:35 IST" finished-at="2020-11-15T14:09:36 IST">
          <reporter-output>
          </reporter-output>
        </test-method> <!-- initDriverAndDevTools -->
        <test-method status="PASS" signature="performanceMetrics()[pri:0, instance:me.tests.PerformanceMetrics@3043fe0e]" name="performanceMetrics" duration-ms="28061" started-at="2020-11-15T14:09:36 IST" finished-at="2020-11-15T14:10:04 IST">
          <reporter-output>
          </reporter-output>
        </test-method> <!-- performanceMetrics -->
      </class> <!-- me.tests.PerformanceMetrics -->
    </test> <!-- Default test -->
  </suite> <!-- Default suite -->
</testng-results>
