<?xml version="1.0" encoding="UTF-8"?>
<testng-results skipped="0" failed="0" ignored="0" total="1" passed="1">
  <reporter-output>
  </reporter-output>
  <suite name="Default suite" duration-ms="12730" started-at="2020-11-16T11:31:41 IST" finished-at="2020-11-16T11:31:53 IST">
    <groups>
    </groups>
    <test name="Default test" duration-ms="12730" started-at="2020-11-16T11:31:41 IST" finished-at="2020-11-16T11:31:53 IST">
      <class name="me.tests.SimulateDevice">
        <test-method status="PASS" signature="initDriverAndDevTools()[pri:0, instance:me.tests.SimulateDevice@1b68ddbd]" name="initDriverAndDevTools" is-config="true" duration-ms="1022" started-at="2020-11-16T11:31:41 IST" finished-at="2020-11-16T11:31:42 IST">
          <reporter-output>
          </reporter-output>
        </test-method> <!-- initDriverAndDevTools -->
        <test-method status="PASS" signature="performanceMetrics()[pri:0, instance:me.tests.SimulateDevice@1b68ddbd]" name="performanceMetrics" duration-ms="11676" started-at="2020-11-16T11:31:42 IST" finished-at="2020-11-16T11:31:53 IST">
          <reporter-output>
          </reporter-output>
        </test-method> <!-- performanceMetrics -->
      </class> <!-- me.tests.SimulateDevice -->
    </test> <!-- Default test -->
  </suite> <!-- Default suite -->
</testng-results>
